Added Component: Designator=C1(0603_C)
Add component. Clean all parameters for all variants
Added Component: Designator=C2(0603_C)
Add component. Clean all parameters for all variants
Added Component: Designator=JP1(XH2.54-WI-3P)
Add component. Clean all parameters for all variants
Add component (AddParameter): Name = "BOM名称"; Value = "3P接插件"; VariantName = "[No Variations]"
Added Component: Designator=P1(HDR1X3)
Add component. Clean all parameters for all variants
Add component (AddParameter): Name = "LatestRevisionDate"; Value = "17-Jul-2002"; VariantName = "[No Variations]"
Add component (AddParameter): Name = "LatestRevisionNote"; Value = "Re-released for DXP Platform."; VariantName = "[No Variations]"
Add component (AddParameter): Name = "Publisher"; Value = "Altium Limited"; VariantName = "[No Variations]"
Added Component: Designator=P2(HDR1X3)
Add component. Clean all parameters for all variants
Add component (AddParameter): Name = "LatestRevisionDate"; Value = "17-Jul-2002"; VariantName = "[No Variations]"
Add component (AddParameter): Name = "LatestRevisionNote"; Value = "Re-released for DXP Platform."; VariantName = "[No Variations]"
Add component (AddParameter): Name = "Publisher"; Value = "Altium Limited"; VariantName = "[No Variations]"
Added Component: Designator=R1(0805_R)
Add component. Clean all parameters for all variants
Added Component: Designator=R2(0805_R)
Add component. Clean all parameters for all variants
Added Component: Designator=R3(0805_R)
Add component. Clean all parameters for all variants
Added Component: Designator=R4(0805_R)
Add component. Clean all parameters for all variants
Added Component: Designator=RP1(3303W)
Add component. Clean all parameters for all variants
Add component (AddParameter): Name = "BOM名称"; Value = "贴片电位器"; VariantName = "[No Variations]"
Added Component: Designator=RP2(3303W)
Add component. Clean all parameters for all variants
Add component (AddParameter): Name = "BOM名称"; Value = "贴片电位器"; VariantName = "[No Variations]"
Added Component: Designator=U1(SOP8_N)
Add component. Clean all parameters for all variants
Added Component: Designator=U2(SOP14_N)
Add component. Clean all parameters for all variants
Added Component: Designator=Vin1(sma-KE)
Add component. Clean all parameters for all variants
Add component (AddParameter): Name = "ComponentLink1Description"; Value = "Manufacturer Link"; VariantName = "[No Variations]"
Add component (AddParameter): Name = "ComponentLink1URL"; Value = "http://www.amphenolrf.com/"; VariantName = "[No Variations]"
Add component (AddParameter): Name = "DatasheetDocument"; Value = "30-May-2003"; VariantName = "[No Variations]"
Add component (AddParameter): Name = "DrillSize"; Value = "Corresponds to nominal value."; VariantName = "[No Variations]"
Add component (AddParameter): Name = "LatestRevisionDate"; Value = "15-Jul-2004"; VariantName = "[No Variations]"
Add component (AddParameter): Name = "LatestRevisionNote"; Value = "Component Replaced."; VariantName = "[No Variations]"
Add component (AddParameter): Name = "PackageDocument"; Value = "Rev. A, 16-Jun-1997"; VariantName = "[No Variations]"
Add component (AddParameter): Name = "PackageReference"; Value = "908-21103"; VariantName = "[No Variations]"
Add component (AddParameter): Name = "PCB_Layout"; Value = "Complies with manufacturer's recommendation."; VariantName = "[No Variations]"
Add component (AddParameter): Name = "Published"; Value = "15-Jul-2004"; VariantName = "[No Variations]"
Add component (AddParameter): Name = "Publisher"; Value = "Altium Limited"; VariantName = "[No Variations]"
Added Component: Designator=Vout1(SMA-KE)
Add component. Clean all parameters for all variants
Add component (AddParameter): Name = "ComponentLink1Description"; Value = "Manufacturer Link"; VariantName = "[No Variations]"
Add component (AddParameter): Name = "ComponentLink1URL"; Value = "http://www.amphenolrf.com/"; VariantName = "[No Variations]"
Add component (AddParameter): Name = "DatasheetDocument"; Value = "30-May-2003"; VariantName = "[No Variations]"
Add component (AddParameter): Name = "DrillSize"; Value = "Corresponds to nominal value."; VariantName = "[No Variations]"
Add component (AddParameter): Name = "LatestRevisionDate"; Value = "15-Jul-2004"; VariantName = "[No Variations]"
Add component (AddParameter): Name = "LatestRevisionNote"; Value = "Component Replaced."; VariantName = "[No Variations]"
Add component (AddParameter): Name = "PackageDocument"; Value = "Rev. A, 16-Jun-1997"; VariantName = "[No Variations]"
Add component (AddParameter): Name = "PackageReference"; Value = "908-21103"; VariantName = "[No Variations]"
Add component (AddParameter): Name = "PCB_Layout"; Value = "Complies with manufacturer's recommendation."; VariantName = "[No Variations]"
Add component (AddParameter): Name = "Published"; Value = "15-Jul-2004"; VariantName = "[No Variations]"
Add component (AddParameter): Name = "Publisher"; Value = "Altium Limited"; VariantName = "[No Variations]"
Added Pin To Net: NetName=bottom Pin=P2-1
Added Pin To Net: NetName=bottom Pin=R1-1
Added Pin To Net: NetName=bottom Pin=RP1-2
Added Pin To Net: NetName=bottom Pin=RP1-3
Added Net: Name=bottom
Added Pin To Net: NetName=GND Pin=C1-2
Added Pin To Net: NetName=GND Pin=C2-2
Added Pin To Net: NetName=GND Pin=JP1-2
Added Pin To Net: NetName=GND Pin=P2-3
Added Pin To Net: NetName=GND Pin=R2-2
Added Pin To Net: NetName=GND Pin=R4-1
Added Pin To Net: NetName=GND Pin=RP1-1
Added Pin To Net: NetName=GND Pin=U1-5
Added Pin To Net: NetName=GND Pin=U2-4
Added Pin To Net: NetName=GND Pin=U2-5
Added Pin To Net: NetName=GND Pin=U2-7
Added Pin To Net: NetName=GND Pin=U2-9
Added Pin To Net: NetName=GND Pin=U2-10
Added Pin To Net: NetName=GND Pin=U2-12
Added Pin To Net: NetName=GND Pin=U2-13
Added Pin To Net: NetName=GND Pin=Vin1-2
Added Pin To Net: NetName=GND Pin=Vin1-2
Added Pin To Net: NetName=GND Pin=Vin1-3
Added Pin To Net: NetName=GND Pin=Vin1-3
Added Pin To Net: NetName=GND Pin=Vout1-2
Added Pin To Net: NetName=GND Pin=Vout1-2
Added Pin To Net: NetName=GND Pin=Vout1-3
Added Pin To Net: NetName=GND Pin=Vout1-3
Added Net: Name=GND
Added Pin To Net: NetName=IN Pin=R4-2
Added Pin To Net: NetName=IN Pin=U1-1
Added Pin To Net: NetName=IN Pin=U1-4
Added Pin To Net: NetName=IN Pin=Vin1-1
Added Net: Name=IN
Added Pin To Net: NetName=NetR3_2 Pin=R3-2
Added Pin To Net: NetName=NetR3_2 Pin=U2-3
Added Net: Name=NetR3_2
Added Pin To Net: NetName=NetU1_6 Pin=U1-6
Added Pin To Net: NetName=NetU1_6 Pin=U2-2
Added Net: Name=NetU1_6
Added Pin To Net: NetName=NetU1_7 Pin=U1-7
Added Pin To Net: NetName=NetU1_7 Pin=U2-1
Added Net: Name=NetU1_7
Added Pin To Net: NetName=OUT Pin=R3-1
Added Pin To Net: NetName=OUT Pin=Vout1-1
Added Net: Name=OUT
Added Pin To Net: NetName=top Pin=P1-1
Added Pin To Net: NetName=top Pin=R2-1
Added Pin To Net: NetName=top Pin=RP2-2
Added Pin To Net: NetName=top Pin=RP2-3
Added Net: Name=top
Added Pin To Net: NetName=VCC Pin=C1-1
Added Pin To Net: NetName=VCC Pin=C2-1
Added Pin To Net: NetName=VCC Pin=JP1-3
Added Pin To Net: NetName=VCC Pin=P1-3
Added Pin To Net: NetName=VCC Pin=RP2-1
Added Pin To Net: NetName=VCC Pin=U1-8
Added Pin To Net: NetName=VCC Pin=U2-14
Added Net: Name=VCC
Added Pin To Net: NetName=VEE Pin=JP1-1
Added Pin To Net: NetName=VEE Pin=R1-2
Added Net: Name=VEE
Added Pin To Net: NetName=VTH Pin=P2-2
Added Pin To Net: NetName=VTH Pin=U1-3
Added Net: Name=VTH
Added Pin To Net: NetName=VTL Pin=P1-2
Added Pin To Net: NetName=VTL Pin=U1-2
Added Net: Name=VTL
Added Class: Name=Sheet1
Added Room: Name=Sheet1
