Removed Pin From Net: NetName=GND Pin=U1-5
Added Component: Designator=D1(0805_LED_S1)
Add component. Clean all parameters for all variants
Add component (AddParameter): Name = "ComponentLink1Description"; Value = "供应商链接"; VariantName = "[No Variations]"
Add component (AddParameter): Name = "ComponentLink1URL"; Value = "http://www.szlcsc.com/product/details_2670.html"; VariantName = "[No Variations]"
Add component (AddParameter): Name = "Notepad"; Value = ""; VariantName = "[No Variations]"
Add component (AddParameter): Name = "Package"; Value = "0805"; VariantName = "[No Variations]"
Add component (AddParameter): Name = "Supplier"; Value = "LC"; VariantName = "[No Variations]"
Add component (AddParameter): Name = "SuppliersPartNumber"; Value = "C2297"; VariantName = "[No Variations]"
Added Component: Designator=D2(0805_LED_S1)
Add component. Clean all parameters for all variants
Add component (AddParameter): Name = "ComponentLink1Description"; Value = "供应商链接"; VariantName = "[No Variations]"
Add component (AddParameter): Name = "ComponentLink1URL"; Value = "http://www.szlcsc.com/product/details_2670.html"; VariantName = "[No Variations]"
Add component (AddParameter): Name = "Notepad"; Value = ""; VariantName = "[No Variations]"
Add component (AddParameter): Name = "Package"; Value = "0805"; VariantName = "[No Variations]"
Add component (AddParameter): Name = "Supplier"; Value = "LC"; VariantName = "[No Variations]"
Add component (AddParameter): Name = "SuppliersPartNumber"; Value = "C2297"; VariantName = "[No Variations]"
Added Component: Designator=P3(HDR1X3)
Add component. Clean all parameters for all variants
Add component (AddParameter): Name = "LatestRevisionDate"; Value = "17-Jul-2002"; VariantName = "[No Variations]"
Add component (AddParameter): Name = "LatestRevisionNote"; Value = "Re-released for DXP Platform."; VariantName = "[No Variations]"
Add component (AddParameter): Name = "Publisher"; Value = "Altium Limited"; VariantName = "[No Variations]"
Added Component: Designator=R5(0805_R)
Add component. Clean all parameters for all variants
Added Component: Designator=R6(0805_R)
Add component. Clean all parameters for all variants
Added Pin To Net: NetName=VCC Pin=D1-A
Added Pin To Net: NetName=VEE Pin=D2-K
Added Pin To Net: NetName=VEE Pin=P3-1
Added Pin To Net: NetName=GND Pin=P3-3
Added Pin To Net: NetName=GND Pin=R5-2
Added Pin To Net: NetName=GND Pin=R6-2
Added Pin To Net: NetName=NetD1_K Pin=D1-K
Added Pin To Net: NetName=NetD1_K Pin=R5-1
Added Net: Name=NetD1_K
Added Pin To Net: NetName=NetD2_A Pin=D2-A
Added Pin To Net: NetName=NetD2_A Pin=R6-1
Added Net: Name=NetD2_A
Added Pin To Net: NetName=V- Pin=P3-2
Added Pin To Net: NetName=V- Pin=U1-5
Added Net: Name=V-
Added Member To Class: ClassName=Sheet1 Member=Component D1 翠绿 0805
Added Member To Class: ClassName=Sheet1 Member=Component D2 翠绿 0805
Added Member To Class: ClassName=Sheet1 Member=Component P3 Header 3
Added Member To Class: ClassName=Sheet1 Member=Component R5 RES
Added Member To Class: ClassName=Sheet1 Member=Component R6 RES
